C:\USERS\DANIIL\DOCUMENTS\VISUAL STUDIO 2010\PROJECTS\VAN\VAN\DEBUG\VAN.PCH
C:\USERS\DANIIL\DOCUMENTS\VISUAL STUDIO 2010\PROJECTS\VAN\VAN\DEBUG\STDAFX.OBJ
C:\USERS\DANIIL\DOCUMENTS\VISUAL STUDIO 2010\PROJECTS\VAN\VAN\DEBUG\VC100.PDB
C:\USERS\DANIIL\DOCUMENTS\VISUAL STUDIO 2010\PROJECTS\VAN\VAN\DEBUG\VAN.OBJ
C:\USERS\DANIIL\DOCUMENTS\VISUAL STUDIO 2010\PROJECTS\VAN\VAN\DEBUG\POPULATEARRAYS.OBJ
C:\USERS\DANIIL\DOCUMENTS\VISUAL STUDIO 2010\PROJECTS\VAN\VAN\DEBUG\PRINTBILL.OBJ
C:\USERS\DANIIL\DOCUMENTS\VISUAL STUDIO 2010\PROJECTS\VAN\DEBUG\VAN.ILK
C:\USERS\DANIIL\DOCUMENTS\VISUAL STUDIO 2010\PROJECTS\VAN\DEBUG\VAN.EXE
C:\USERS\DANIIL\DOCUMENTS\VISUAL STUDIO 2010\PROJECTS\VAN\VAN\DEBUG\VAN.EXE.INTERMEDIATE.MANIFEST
C:\USERS\DANIIL\DOCUMENTS\VISUAL STUDIO 2010\PROJECTS\VAN\DEBUG\VAN.PDB
C:\USERS\DANIIL\DOCUMENTS\VISUAL STUDIO 2010\PROJECTS\VAN\VAN\DEBUG\VAN.EXE.EMBED.MANIFEST
C:\USERS\DANIIL\DOCUMENTS\VISUAL STUDIO 2010\PROJECTS\VAN\VAN\DEBUG\VAN.EXE.EMBED.MANIFEST.RES
D:\otchetpodz\van\Debug\populateArrays.obj
D:\otchetpodz\van\Debug\printBill.obj
D:\otchetpodz\van\Debug\stdafx.obj
D:\otchetpodz\van\Debug\van.obj
D:\otchetpodz\van\Debug\cl.command.1.tlog
D:\otchetpodz\van\Debug\CL.read.1.tlog
D:\otchetpodz\van\Debug\CL.write.1.tlog
D:\otchetpodz\van\Debug\link-cvtres.read.1.tlog
D:\otchetpodz\van\Debug\link-cvtres.write.1.tlog
D:\otchetpodz\van\Debug\link.2596-cvtres.read.1.tlog
D:\otchetpodz\van\Debug\link.2596-cvtres.write.1.tlog
D:\otchetpodz\van\Debug\link.2596.read.1.tlog
D:\otchetpodz\van\Debug\link.2596.write.1.tlog
D:\otchetpodz\van\Debug\link.7684-cvtres.read.1.tlog
D:\otchetpodz\van\Debug\link.7684-cvtres.write.1.tlog
D:\otchetpodz\van\Debug\link.7684.read.1.tlog
D:\otchetpodz\van\Debug\link.7684.write.1.tlog
D:\otchetpodz\van\Debug\link.8472-cvtres.read.1.tlog
D:\otchetpodz\van\Debug\link.8472-cvtres.write.1.tlog
D:\otchetpodz\van\Debug\link.8472.read.1.tlog
D:\otchetpodz\van\Debug\link.8472.write.1.tlog
D:\otchetpodz\van\Debug\link.command.1.tlog
D:\otchetpodz\van\Debug\link.read.1.tlog
D:\otchetpodz\van\Debug\link.write.1.tlog
D:\otchetpodz\van\Debug\mt.command.1.tlog
D:\otchetpodz\van\Debug\mt.read.1.tlog
D:\otchetpodz\van\Debug\mt.write.1.tlog
D:\otchetpodz\van\Debug\rc.command.1.tlog
D:\otchetpodz\van\Debug\rc.read.1.tlog
D:\otchetpodz\van\Debug\rc.write.1.tlog
D:\otchetpodz\van\Debug\van.exe.embed.manifest
D:\otchetpodz\van\Debug\van.exe.intermediate.manifest
D:\otchetpodz\van\Debug\van.exe.embed.manifest.res
D:\otchetpodz\van\Debug\van.pch
D:\otchetpodz\van\Debug\vc100.idb
D:\otchetpodz\van\Debug\vc100.pdb
D:\otchetpodz\van\Debug\van_manifest.rc
D:\otchetpodz\Debug\van.pdb
D:\otchetpodz\Debug\van.ilk
